{"total": {"lines":{"total":277,"covered":272,"skipped":0,"pct":98.19},"statements":{"total":300,"covered":295,"skipped":0,"pct":98.33},"functions":{"total":64,"covered":64,"skipped":0,"pct":100},"branches":{"total":120,"covered":108,"skipped":0,"pct":90},"branchesTrue":{"total":0,"covered":0,"skipped":0,"pct":100}}
,"/home/pavangothe-ct/pg-projects/pcj-ai-proj1/src/data/sample-patients.ts": {"lines":{"total":18,"covered":16,"skipped":0,"pct":88.88},"functions":{"total":9,"covered":9,"skipped":0,"pct":100},"statements":{"total":20,"covered":18,"skipped":0,"pct":90},"branches":{"total":2,"covered":2,"skipped":0,"pct":100}}
,"/home/pavangothe-ct/pg-projects/pcj-ai-proj1/src/routes/care-journey.ts": {"lines":{"total":91,"covered":89,"skipped":0,"pct":97.8},"functions":{"total":12,"covered":12,"skipped":0,"pct":100},"statements":{"total":92,"covered":90,"skipped":0,"pct":97.82},"branches":{"total":24,"covered":19,"skipped":0,"pct":79.16}}
,"/home/pavangothe-ct/pg-projects/pcj-ai-proj1/src/services/ai-service.ts": {"lines":{"total":52,"covered":52,"skipped":0,"pct":100},"functions":{"total":6,"covered":6,"skipped":0,"pct":100},"statements":{"total":54,"covered":54,"skipped":0,"pct":100},"branches":{"total":33,"covered":28,"skipped":0,"pct":84.84}}
,"/home/pavangothe-ct/pg-projects/pcj-ai-proj1/src/services/message-service.ts": {"lines":{"total":47,"covered":46,"skipped":0,"pct":97.87},"functions":{"total":16,"covered":16,"skipped":0,"pct":100},"statements":{"total":58,"covered":57,"skipped":0,"pct":98.27},"branches":{"total":31,"covered":30,"skipped":0,"pct":96.77}}
,"/home/pavangothe-ct/pg-projects/pcj-ai-proj1/src/services/prompt-builder.ts": {"lines":{"total":19,"covered":19,"skipped":0,"pct":100},"functions":{"total":9,"covered":9,"skipped":0,"pct":100},"statements":{"total":22,"covered":22,"skipped":0,"pct":100},"branches":{"total":18,"covered":18,"skipped":0,"pct":100}}
,"/home/pavangothe-ct/pg-projects/pcj-ai-proj1/src/services/transcript-service.ts": {"lines":{"total":36,"covered":36,"skipped":0,"pct":100},"functions":{"total":10,"covered":10,"skipped":0,"pct":100},"statements":{"total":40,"covered":40,"skipped":0,"pct":100},"branches":{"total":6,"covered":5,"skipped":0,"pct":83.33}}
,"/home/pavangothe-ct/pg-projects/pcj-ai-proj1/src/services/voice-service.ts": {"lines":{"total":14,"covered":14,"skipped":0,"pct":100},"functions":{"total":2,"covered":2,"skipped":0,"pct":100},"statements":{"total":14,"covered":14,"skipped":0,"pct":100},"branches":{"total":6,"covered":6,"skipped":0,"pct":100}}
}
